#
# There is insufficient memory for the Java Runtime Environment to continue.
# Native memory allocation (malloc) failed to allocate 1532400 bytes for Chunk::new
# Possible reasons:
#   The system is out of physical RAM or swap space
#   The process is running with CompressedOops enabled, and the Java Heap may be blocking the growth of the native heap
# Possible solutions:
#   Reduce memory load on the system
#   Increase physical memory or swap space
#   Check if swap backing store is full
#   Decrease Java heap size (-Xmx/-Xms)
#   Decrease number of Java threads
#   Decrease Java thread stack sizes (-Xss)
#   Set larger code cache with -XX:ReservedCodeCacheSize=
#   JVM is running with Unscaled Compressed Oops mode in which the Java heap is
#     placed in the first 4GB address space. The Java Heap base address is the
#     maximum limit for the native heap growth. Please use -XX:HeapBaseMinAddress
#     to set the Java Heap base and to place the Java Heap above 4GB virtual address.
# This output file may be truncated or incomplete.
#
#  Out of Memory Error (allocation.cpp:389), pid=16172, tid=0x0000000000004934
#
# JRE version: OpenJDK Runtime Environment (8.0_242-b01) (build 1.8.0_242-release-1644-b01)
# Java VM: OpenJDK 64-Bit Server VM (25.242-b01 mixed mode windows-amd64 compressed oops)
# Failed to write core dump. Minidumps are not enabled by default on client versions of Windows
#

---------------  T H R E A D  ---------------

Current thread (0x0000000019b5b800):  JavaThread "C2 CompilerThread2" daemon [_thread_in_native, id=18740, stack(0x000000001a640000,0x000000001a740000)]

Stack: [0x000000001a640000,0x000000001a740000]
[error occurred during error reporting (printing stack bounds), id 0xc0000005]

Native frames: (J=compiled Java code, j=interpreted, Vv=VM code, C=native code)


Current CompileTask:
C2:  28989 3781       4       java.net.URLClassLoader$1::run (5 bytes)


---------------  P R O C E S S  ---------------

Java Threads: ( => current thread )
  0x000000001baf9000 JavaThread "Cache worker for Build Output Cleanup Cache (D:\MieiDati\WorkSpaces\AndroidStudioWorkspace\ManagerApp\.gradle\buildOutputCleanup)" [_thread_blocked, id=13832, stack(0x000000002a9c0000,0x000000002aac0000)]
  0x000000001bafc800 JavaThread "jar transforms Thread 92" [_thread_blocked, id=20324, stack(0x000000002a6c0000,0x000000002a7c0000)]
  0x000000001bafc000 JavaThread "jar transforms Thread 91" [_thread_blocked, id=17552, stack(0x000000002a5c0000,0x000000002a6c0000)]
  0x0000000019f12000 JavaThread "jar transforms Thread 90" [_thread_blocked, id=19156, stack(0x000000002a4c0000,0x000000002a5c0000)]
  0x0000000019f11000 JavaThread "jar transforms Thread 89" [_thread_blocked, id=16992, stack(0x000000002a3c0000,0x000000002a4c0000)]
  0x0000000019f10800 JavaThread "jar transforms Thread 88" [_thread_blocked, id=2664, stack(0x000000002a2c0000,0x000000002a3c0000)]
  0x0000000019f0f800 JavaThread "jar transforms Thread 87" [_thread_blocked, id=11392, stack(0x000000002a1c0000,0x000000002a2c0000)]
  0x0000000019f0f000 JavaThread "jar transforms Thread 86" [_thread_blocked, id=14076, stack(0x000000002a0c0000,0x000000002a1c0000)]
  0x0000000019f07800 JavaThread "jar transforms Thread 85" [_thread_blocked, id=19612, stack(0x0000000029fc0000,0x000000002a0c0000)]
  0x0000000019f0e000 JavaThread "jar transforms Thread 84" [_thread_blocked, id=15404, stack(0x0000000029ec0000,0x0000000029fc0000)]
  0x0000000019f0d800 JavaThread "jar transforms Thread 83" [_thread_blocked, id=9928, stack(0x0000000029dc0000,0x0000000029ec0000)]
  0x0000000019f0b000 JavaThread "jar transforms Thread 82" [_thread_blocked, id=19504, stack(0x0000000029cc0000,0x0000000029dc0000)]
  0x0000000019f0c000 JavaThread "jar transforms Thread 81" [_thread_blocked, id=20192, stack(0x0000000029bc0000,0x0000000029cc0000)]
  0x0000000019f0a800 JavaThread "jar transforms Thread 80" [_thread_blocked, id=2704, stack(0x0000000029ac0000,0x0000000029bc0000)]
  0x0000000019f0c800 JavaThread "jar transforms Thread 79" [_thread_blocked, id=19568, stack(0x00000000299c0000,0x0000000029ac0000)]
  0x0000000019f03000 JavaThread "jar transforms Thread 78" [_thread_blocked, id=20008, stack(0x00000000298c0000,0x00000000299c0000)]
  0x0000000019f06800 JavaThread "jar transforms Thread 77" [_thread_blocked, id=11720, stack(0x00000000297c0000,0x00000000298c0000)]
  0x0000000019f09800 JavaThread "jar transforms Thread 76" [_thread_blocked, id=16140, stack(0x00000000296c0000,0x00000000297c0000)]
  0x0000000019f06000 JavaThread "jar transforms Thread 75" [_thread_blocked, id=19940, stack(0x00000000295c0000,0x00000000296c0000)]
  0x0000000019f05000 JavaThread "jar transforms Thread 74" [_thread_blocked, id=12952, stack(0x00000000294c0000,0x00000000295c0000)]
  0x0000000019f09000 JavaThread "jar transforms Thread 73" [_thread_blocked, id=19296, stack(0x00000000293c0000,0x00000000294c0000)]
  0x0000000019f04800 JavaThread "jar transforms Thread 72" [_thread_blocked, id=20652, stack(0x00000000292c0000,0x00000000293c0000)]
  0x0000000019f08000 JavaThread "jar transforms Thread 71" [_thread_blocked, id=11108, stack(0x00000000291c0000,0x00000000292c0000)]
  0x0000000019f03800 JavaThread "jar transforms Thread 70" [_thread_blocked, id=17496, stack(0x00000000290c0000,0x00000000291c0000)]
  0x000000001b0ea800 JavaThread "jar transforms Thread 69" [_thread_blocked, id=18580, stack(0x0000000028fc0000,0x00000000290c0000)]
  0x000000001b0e9000 JavaThread "jar transforms Thread 68" [_thread_blocked, id=4416, stack(0x0000000028ec0000,0x0000000028fc0000)]
  0x000000001b0e8000 JavaThread "jar transforms Thread 67" [_thread_blocked, id=5452, stack(0x0000000028dc0000,0x0000000028ec0000)]
  0x000000001b0e7800 JavaThread "jar transforms Thread 66" [_thread_blocked, id=20236, stack(0x0000000028cc0000,0x0000000028dc0000)]
  0x000000001b0e6000 JavaThread "jar transforms Thread 65" [_thread_blocked, id=19068, stack(0x0000000028bc0000,0x0000000028cc0000)]
  0x000000001b0e6800 JavaThread "jar transforms Thread 64" [_thread_blocked, id=12972, stack(0x0000000028ac0000,0x0000000028bc0000)]
  0x000000001b0e4800 JavaThread "jar transforms Thread 63" [_thread_blocked, id=10284, stack(0x00000000289c0000,0x0000000028ac0000)]
  0x000000001b0e5000 JavaThread "jar transforms Thread 62" [_thread_blocked, id=9856, stack(0x00000000288c0000,0x00000000289c0000)]
  0x000000001b0eb000 JavaThread "jar transforms Thread 61" [_thread_blocked, id=9612, stack(0x00000000287c0000,0x00000000288c0000)]
  0x000000001b0e9800 JavaThread "jar transforms Thread 60" [_thread_blocked, id=21264, stack(0x00000000286c0000,0x00000000287c0000)]
  0x000000001b0dd000 JavaThread "jar transforms Thread 59" [_thread_blocked, id=1224, stack(0x00000000285c0000,0x00000000286c0000)]
  0x000000001b0e3800 JavaThread "jar transforms Thread 58" [_thread_blocked, id=9032, stack(0x00000000284c0000,0x00000000285c0000)]
  0x000000001b0dc000 JavaThread "jar transforms Thread 57" [_thread_blocked, id=20704, stack(0x00000000283c0000,0x00000000284c0000)]
  0x000000001b0e3000 JavaThread "jar transforms Thread 56" [_thread_blocked, id=6820, stack(0x00000000282c0000,0x00000000283c0000)]
  0x000000001b0e2000 JavaThread "jar transforms Thread 55" [_thread_blocked, id=4576, stack(0x00000000281c0000,0x00000000282c0000)]
  0x000000001b0e1800 JavaThread "jar transforms Thread 54" [_thread_blocked, id=2920, stack(0x00000000280c0000,0x00000000281c0000)]
  0x000000001b0e0800 JavaThread "jar transforms Thread 53" [_thread_blocked, id=13428, stack(0x0000000027fc0000,0x00000000280c0000)]
  0x000000001b0e0000 JavaThread "jar transforms Thread 52" [_thread_blocked, id=12824, stack(0x0000000027ec0000,0x0000000027fc0000)]
  0x000000001b0df000 JavaThread "jar transforms Thread 51" [_thread_blocked, id=7864, stack(0x0000000027dc0000,0x0000000027ec0000)]
  0x000000001b0dd800 JavaThread "jar transforms Thread 50" [_thread_blocked, id=17784, stack(0x0000000027cc0000,0x0000000027dc0000)]
  0x000000001b0de800 JavaThread "jar transforms Thread 49" [_thread_blocked, id=8220, stack(0x0000000027bc0000,0x0000000027cc0000)]
  0x000000001aa48800 JavaThread "jar transforms Thread 48" [_thread_blocked, id=18396, stack(0x0000000027ac0000,0x0000000027bc0000)]
  0x000000001aa4d000 JavaThread "jar transforms Thread 47" [_thread_blocked, id=19204, stack(0x00000000279c0000,0x0000000027ac0000)]
  0x000000001aa4c800 JavaThread "jar transforms Thread 46" [_thread_blocked, id=15772, stack(0x00000000278c0000,0x00000000279c0000)]
  0x000000001aa4e000 JavaThread "jar transforms Thread 45" [_thread_blocked, id=11944, stack(0x00000000277c0000,0x00000000278c0000)]
  0x000000001aa4f800 JavaThread "jar transforms Thread 44" [_thread_blocked, id=17324, stack(0x00000000276c0000,0x00000000277c0000)]
  0x000000001aa4b800 JavaThread "jar transforms Thread 43" [_thread_blocked, id=9536, stack(0x00000000275c0000,0x00000000276c0000)]
  0x000000001aa4b000 JavaThread "jar transforms Thread 42" [_thread_blocked, id=17296, stack(0x00000000274c0000,0x00000000275c0000)]
  0x000000001aa4a000 JavaThread "jar transforms Thread 41" [_thread_blocked, id=13808, stack(0x00000000273c0000,0x00000000274c0000)]
  0x000000001aa49800 JavaThread "jar transforms Thread 40" [_thread_blocked, id=19760, stack(0x00000000272c0000,0x00000000273c0000)]
  0x000000001aa48000 JavaThread "jar transforms Thread 39" [_thread_blocked, id=1420, stack(0x00000000271c0000,0x00000000272c0000)]
  0x000000001aa4e800 JavaThread "jar transforms Thread 38" [_thread_blocked, id=19736, stack(0x00000000270c0000,0x00000000271c0000)]
  0x000000001aa40800 JavaThread "jar transforms Thread 37" [_thread_blocked, id=8812, stack(0x0000000026fc0000,0x00000000270c0000)]
  0x000000001aa47000 JavaThread "jar transforms Thread 36" [_thread_blocked, id=15960, stack(0x0000000026ec0000,0x0000000026fc0000)]
  0x000000001aa41000 JavaThread "jar transforms Thread 35" [_thread_blocked, id=8052, stack(0x0000000026dc0000,0x0000000026ec0000)]
  0x000000001aa45000 JavaThread "jar transforms Thread 34" [_thread_blocked, id=148, stack(0x0000000026cc0000,0x0000000026dc0000)]
  0x000000001aa46800 JavaThread "jar transforms Thread 33" [_thread_blocked, id=4256, stack(0x0000000026bc0000,0x0000000026cc0000)]
  0x000000001aa44000 JavaThread "jar transforms Thread 32" [_thread_blocked, id=20136, stack(0x0000000026ac0000,0x0000000026bc0000)]
  0x000000001aa42800 JavaThread "jar transforms Thread 31" [_thread_blocked, id=14864, stack(0x00000000269c0000,0x0000000026ac0000)]
  0x000000001aa42000 JavaThread "jar transforms Thread 30" [_thread_blocked, id=16212, stack(0x00000000268c0000,0x00000000269c0000)]
  0x000000001aa43800 JavaThread "jar transforms Thread 29" [_thread_blocked, id=19000, stack(0x00000000267c0000,0x00000000268c0000)]
  0x000000001aa45800 JavaThread "jar transforms Thread 28" [_thread_blocked, id=3108, stack(0x00000000266c0000,0x00000000267c0000)]
  0x000000001b24d000 JavaThread "jar transforms Thread 27" [_thread_blocked, id=15400, stack(0x00000000265c0000,0x00000000266c0000)]
  0x000000001b249800 JavaThread "jar transforms Thread 26" [_thread_blocked, id=20916, stack(0x00000000264c0000,0x00000000265c0000)]
  0x000000001b24f800 JavaThread "jar transforms Thread 25" [_thread_blocked, id=6504, stack(0x00000000263c0000,0x00000000264c0000)]
  0x000000001b24e800 JavaThread "jar transforms Thread 24" [_thread_blocked, id=14536, stack(0x00000000262c0000,0x00000000263c0000)]
  0x000000001b247000 JavaThread "jar transforms Thread 23" [_thread_blocked, id=17512, stack(0x00000000261c0000,0x00000000262c0000)]
  0x000000001b24e000 JavaThread "jar transforms Thread 22" [_thread_blocked, id=11628, stack(0x00000000260c0000,0x00000000261c0000)]
  0x000000001b24b800 JavaThread "jar transforms Thread 21" [_thread_blocked, id=7556, stack(0x0000000025fc0000,0x00000000260c0000)]
  0x000000001b248000 JavaThread "jar transforms Thread 20" [_thread_blocked, id=12900, stack(0x0000000025ec0000,0x0000000025fc0000)]
  0x000000001b248800 JavaThread "jar transforms Thread 19" [_thread_blocked, id=18572, stack(0x0000000025dc0000,0x0000000025ec0000)]
  0x000000001b24b000 JavaThread "jar transforms Thread 18" [_thread_blocked, id=6428, stack(0x0000000025cc0000,0x0000000025dc0000)]
  0x000000001b24c800 JavaThread "jar transforms Thread 17" [_thread_blocked, id=13372, stack(0x0000000025bc0000,0x0000000025cc0000)]
  0x000000001b244000 JavaThread "jar transforms Thread 16" [_thread_blocked, id=17056, stack(0x0000000025ac0000,0x0000000025bc0000)]
  0x000000001b246800 JavaThread "jar transforms Thread 15" [_thread_blocked, id=16876, stack(0x00000000259c0000,0x0000000025ac0000)]
  0x000000001b245000 JavaThread "jar transforms Thread 14" [_thread_blocked, id=21368, stack(0x00000000258c0000,0x00000000259c0000)]
  0x000000001b24a000 JavaThread "jar transforms Thread 13" [_thread_blocked, id=12432, stack(0x00000000257c0000,0x00000000258c0000)]
  0x000000001b240800 JavaThread "jar transforms Thread 12" [_thread_blocked, id=17756, stack(0x00000000256c0000,0x00000000257c0000)]
  0x000000001b242800 JavaThread "jar transforms Thread 11" [_thread_blocked, id=4360, stack(0x00000000255c0000,0x00000000256c0000)]
  0x000000001b242000 JavaThread "jar transforms Thread 10" [_thread_blocked, id=644, stack(0x00000000254c0000,0x00000000255c0000)]
  0x000000001b245800 JavaThread "jar transforms Thread 9" [_thread_blocked, id=10336, stack(0x00000000253c0000,0x00000000254c0000)]
  0x000000001b241000 JavaThread "jar transforms Thread 8" [_thread_blocked, id=1648, stack(0x00000000252c0000,0x00000000253c0000)]
  0x000000001b243800 JavaThread "jar transforms Thread 7" [_thread_blocked, id=7196, stack(0x00000000251c0000,0x00000000252c0000)]
  0x000000001d021000 JavaThread "jar transforms Thread 6" [_thread_blocked, id=19600, stack(0x00000000250c0000,0x00000000251c0000)]
  0x000000001d020800 JavaThread "jar transforms Thread 5" [_thread_blocked, id=17712, stack(0x0000000024fc0000,0x00000000250c0000)]
  0x000000001d01f800 JavaThread "jar transforms Thread 4" [_thread_blocked, id=9956, stack(0x0000000024ec0000,0x0000000024fc0000)]
  0x000000001d01c800 JavaThread "jar transforms Thread 3" [_thread_blocked, id=16888, stack(0x0000000024dc0000,0x0000000024ec0000)]
  0x000000001d01d800 JavaThread "jar transforms Thread 2" [_thread_blocked, id=7200, stack(0x0000000024cc0000,0x0000000024dc0000)]
  0x000000001d01f000 JavaThread "Build operations Thread 8" [_thread_blocked, id=21420, stack(0x0000000024bc0000,0x0000000024cc0000)]
  0x000000001d01e000 JavaThread "Build operations Thread 7" [_thread_blocked, id=15200, stack(0x0000000024ac0000,0x0000000024bc0000)]
  0x000000001d016000 JavaThread "Build operations Thread 6" [_thread_blocked, id=7408, stack(0x00000000249c0000,0x0000000024ac0000)]
  0x000000001d01c000 JavaThread "Build operations Thread 5" [_thread_blocked, id=15612, stack(0x00000000248c0000,0x00000000249c0000)]
  0x000000001d01b000 JavaThread "Build operations Thread 4" [_thread_blocked, id=16496, stack(0x00000000247c0000,0x00000000248c0000)]
  0x000000001d014800 JavaThread "Build operations Thread 3" [_thread_blocked, id=1540, stack(0x00000000246c0000,0x00000000247c0000)]
  0x000000001d013800 JavaThread "Build operations Thread 2" [_thread_blocked, id=12032, stack(0x00000000245c0000,0x00000000246c0000)]
  0x000000001d018000 JavaThread "Build operations" [_thread_blocked, id=11208, stack(0x00000000244c0000,0x00000000245c0000)]
  0x000000001c76f800 JavaThread "Cache worker for file content cache (C:\Users\gargi\.gradle\caches\6.5\fileContent)" [_thread_blocked, id=11780, stack(0x0000000022df0000,0x0000000022ef0000)]
  0x000000001c76d800 JavaThread "jar transforms" [_thread_blocked, id=1504, stack(0x0000000022cf0000,0x0000000022df0000)]
  0x000000001c76f000 JavaThread "Cache worker for execution history cache (C:\Users\gargi\.gradle\caches\6.5\executionHistory)" [_thread_blocked, id=1236, stack(0x0000000020650000,0x0000000020750000)]
  0x000000001c76c000 JavaThread "Cache worker for cache directory md-rule (C:\Users\gargi\.gradle\caches\6.5\md-rule)" [_thread_blocked, id=8060, stack(0x0000000020550000,0x0000000020650000)]
  0x000000001c76c800 JavaThread "Cache worker for cache directory md-supplier (C:\Users\gargi\.gradle\caches\6.5\md-supplier)" [_thread_blocked, id=3652, stack(0x0000000020450000,0x0000000020550000)]
  0x000000001c772000 JavaThread "Cache worker for checksums cache (D:\MieiDati\WorkSpaces\AndroidStudioWorkspace\ManagerApp\.gradle\checksums)" [_thread_blocked, id=12868, stack(0x0000000020350000,0x0000000020450000)]
  0x000000001c771000 JavaThread "Cache worker for file hash cache (D:\MieiDati\WorkSpaces\AndroidStudioWorkspace\ManagerApp\.gradle\6.5\fileHashes)" [_thread_blocked, id=16456, stack(0x0000000020050000,0x0000000020150000)]
  0x000000001c772800 JavaThread "Cache worker for file hash cache (C:\Users\gargi\.gradle\caches\6.5\fileHashes)" [_thread_blocked, id=11528, stack(0x000000001fb50000,0x000000001fc50000)]
  0x000000001c770800 JavaThread "File lock request listener" [_thread_in_native, id=19584, stack(0x000000001ea80000,0x000000001eb80000)]
  0x000000001c761000 JavaThread "Cache worker for journal cache (C:\Users\gargi\.gradle\caches\journal-1)" [_thread_blocked, id=3176, stack(0x000000001e980000,0x000000001ea80000)]
  0x000000001c5d3800 JavaThread "Thread-9" [_thread_blocked, id=18052, stack(0x000000001e680000,0x000000001e780000)]
  0x000000001c5d1000 JavaThread "Stdin handler" [_thread_blocked, id=4836, stack(0x000000001e580000,0x000000001e680000)]
  0x000000001c489800 JavaThread "Asynchronous log dispatcher for DefaultDaemonConnection: socket connection from /127.0.0.1:63923 to /127.0.0.1:63924" [_thread_blocked, id=11304, stack(0x000000001e480000,0x000000001e580000)]
  0x000000001c486000 JavaThread "Daemon worker" [_thread_in_vm, id=18792, stack(0x000000001e380000,0x000000001e480000)]
  0x000000001c483000 JavaThread "Cancel handler" [_thread_blocked, id=15704, stack(0x000000001e180000,0x000000001e280000)]
  0x000000001c47a000 JavaThread "Handler for socket connection from /127.0.0.1:63923 to /127.0.0.1:63924" [_thread_in_native, id=13024, stack(0x000000001e080000,0x000000001e180000)]
  0x000000001c4e9000 JavaThread "Daemon" [_thread_blocked, id=4432, stack(0x000000001df80000,0x000000001e080000)]
  0x000000001c469800 JavaThread "Daemon periodic checks" [_thread_blocked, id=21272, stack(0x000000001dc80000,0x000000001dd80000)]
  0x000000001c468000 JavaThread "Incoming local TCP Connector on port 63923" [_thread_in_native, id=460, stack(0x000000001da20000,0x000000001db20000)]
  0x000000001c3f9800 JavaThread "Daemon health stats" [_thread_blocked, id=16104, stack(0x000000001d3e0000,0x000000001d4e0000)]
  0x0000000019b91000 JavaThread "Service Thread" daemon [_thread_blocked, id=12660, stack(0x000000001a840000,0x000000001a940000)]
  0x0000000019b6b800 JavaThread "C1 CompilerThread3" daemon [_thread_blocked, id=11196, stack(0x000000001a740000,0x000000001a840000)]
=>0x0000000019b5b800 JavaThread "C2 CompilerThread2" daemon [_thread_in_native, id=18740, stack(0x000000001a640000,0x000000001a740000)]
  0x0000000019b56000 JavaThread "C2 CompilerThread1" daemon [_thread_blocked, id=17016, stack(0x000000001a540000,0x000000001a640000)]
  0x0000000019b54000 JavaThread "C2 CompilerThread0" daemon [_thread_blocked, id=9288, stack(0x000000001a440000,0x000000001a540000)]
  0x0000000019b51800 JavaThread "Attach Listener" daemon [_thread_blocked, id=14332, stack(0x000000001a340000,0x000000001a440000)]
  0x0000000017d6e800 JavaThread "Signal Dispatcher" daemon [_thread_blocked, id=10592, stack(0x000000001a240000,0x000000001a340000)]
  0x0000000002bf9000 JavaThread "Finalizer" daemon [_thread_blocked, id=2092, stack(0x000000001a020000,0x000000001a120000)]
  0x0000000017d5c800 JavaThread "Reference Handler" daemon [_thread_blocked, id=16064, stack(0x0000000019f20000,0x000000001a020000)]
  0x0000000002b02800 JavaThread "main" [_thread_blocked, id=11332, stack(0x00000000029d0000,0x0000000002ad0000)]

Other Threads:
  0x0000000017d57800 VMThread [stack: 0x0000000019a20000,0x0000000019b20000] [id=10092]
  0x0000000019b94000 WatcherThread [stack: 0x000000001a940000,0x000000001aa40000] [id=12100]

VM state:not at safepoint (normal execution)

VM Mutex/Monitor currently owned by a thread: None

heap address: 0x0000000080000000, size: 2048 MB, Compressed Oops mode: 32-bit
Narrow klass base: 0x0000000000000000, Narrow klass shift: 3
Compressed class space size: 1073741824 Address: 0x0000000100000000

Heap:
 PSYoungGen      total 75264K, used 48404K [0x00000000d5580000, 0x00000000dd280000, 0x0000000100000000)
  eden space 64512K, 66% used [0x00000000d5580000,0x00000000d7fa89c0,0x00000000d9480000)
  from space 10752K, 48% used [0x00000000da000000,0x00000000da51c800,0x00000000daa80000)
  to   space 11776K, 0% used [0x00000000d9480000,0x00000000d9480000,0x00000000da000000)
 ParOldGen       total 78848K, used 14438K [0x0000000080000000, 0x0000000084d00000, 0x00000000d5580000)
  object space 78848K, 18% used [0x0000000080000000,0x0000000080e198a0,0x0000000084d00000)
 Metaspace       used 39503K, capacity 41320K, committed 41432K, reserved 1085440K
  class space    used 5455K, capacity 5834K, committed 5888K, reserved 1048576K

Card table byte_map: [0x00000000120b0000,0x00000000124c0000] byte_map_base: 0x0000000011cb0000

Marking Bits: (ParMarkBitMap*) 0x000000005f93f030
 Begin Bits: [0x0000000012f70000, 0x0000000014f70000)
 End Bits:   [0x0000000014f70000, 0x0000000016f70000)

Polling page: 0x0000000002ad0000

CodeCache: size=245760Kb used=12401Kb max_used=12401Kb free=233358Kb
 bounds [0x0000000002cf0000, 0x0000000003920000, 0x0000000011cf0000]
 total_blobs=4344 nmethods=3637 adapters=620
 compilation: enabled

Compilation events (10 events):
Event: 28.979 Thread 0x0000000019b6b800 nmethod 3865 0x0000000003909110 code [0x0000000003909280, 0x0000000003909668]
Event: 28.979 Thread 0x0000000019b6b800 3866       3       java.lang.reflect.Proxy$KeyFactory::apply (66 bytes)
Event: 28.980 Thread 0x0000000019b6b800 nmethod 3866 0x0000000003907dd0 code [0x0000000003908000, 0x0000000003908a88]
Event: 28.980 Thread 0x0000000019b54000 3867       4       sun.misc.ProxyGenerator$ConstantPool::getUtf8 (18 bytes)
Event: 28.980 Thread 0x0000000019b54000 nmethod 3867 0x0000000003904dd0 code [0x0000000003904f20, 0x0000000003904fc8]
Event: 28.983 Thread 0x0000000019b6b800 3868       3       java.util.Arrays::fill (23 bytes)
Event: 28.983 Thread 0x0000000019b6b800 nmethod 3868 0x0000000003901110 code [0x0000000003901280, 0x0000000003901470]
Event: 28.984 Thread 0x0000000019b6b800 3869       3       java.lang.reflect.WeakCache::get (221 bytes)
Event: 28.985 Thread 0x0000000019b6b800 nmethod 3869 0x00000000039132d0 code [0x0000000003913620, 0x0000000003915558]
Event: 28.985 Thread 0x0000000019b6b800 3870       3       java.lang.Integer::equals (29 bytes)

GC Heap History (10 events):
Event: 19.521 GC heap before
{Heap before GC invocations=6 (full 1):
 PSYoungGen      total 76288K, used 65536K [0x00000000d5580000, 0x00000000daa80000, 0x0000000100000000)
  eden space 65536K, 100% used [0x00000000d5580000,0x00000000d9580000,0x00000000d9580000)
  from space 10752K, 0% used [0x00000000da000000,0x00000000da000000,0x00000000daa80000)
  to   space 10752K, 0% used [0x00000000d9580000,0x00000000d9580000,0x00000000da000000)
 ParOldGen       total 78848K, used 7097K [0x0000000080000000, 0x0000000084d00000, 0x00000000d5580000)
  object space 78848K, 9% used [0x0000000080000000,0x00000000806ee7e0,0x0000000084d00000)
 Metaspace       used 28454K, capacity 29304K, committed 29568K, reserved 1075200K
  class space    used 3936K, capacity 4186K, committed 4224K, reserved 1048576K
Event: 19.525 GC heap after
Heap after GC invocations=6 (full 1):
 PSYoungGen      total 76288K, used 8168K [0x00000000d5580000, 0x00000000daa80000, 0x0000000100000000)
  eden space 65536K, 0% used [0x00000000d5580000,0x00000000d5580000,0x00000000d9580000)
  from space 10752K, 75% used [0x00000000d9580000,0x00000000d9d7a3c8,0x00000000da000000)
  to   space 10752K, 0% used [0x00000000da000000,0x00000000da000000,0x00000000daa80000)
 ParOldGen       total 78848K, used 7105K [0x0000000080000000, 0x0000000084d00000, 0x00000000d5580000)
  object space 78848K, 9% used [0x0000000080000000,0x00000000806f07e0,0x0000000084d00000)
 Metaspace       used 28454K, capacity 29304K, committed 29568K, reserved 1075200K
  class space    used 3936K, capacity 4186K, committed 4224K, reserved 1048576K
}
Event: 20.249 GC heap before
{Heap before GC invocations=7 (full 1):
 PSYoungGen      total 76288K, used 73704K [0x00000000d5580000, 0x00000000daa80000, 0x0000000100000000)
  eden space 65536K, 100% used [0x00000000d5580000,0x00000000d9580000,0x00000000d9580000)
  from space 10752K, 75% used [0x00000000d9580000,0x00000000d9d7a3c8,0x00000000da000000)
  to   space 10752K, 0% used [0x00000000da000000,0x00000000da000000,0x00000000daa80000)
 ParOldGen       total 78848K, used 7105K [0x0000000080000000, 0x0000000084d00000, 0x00000000d5580000)
  object space 78848K, 9% used [0x0000000080000000,0x00000000806f07e0,0x0000000084d00000)
 Metaspace       used 32785K, capacity 33872K, committed 34048K, reserved 1079296K
  class space    used 4478K, capacity 4754K, committed 4864K, reserved 1048576K
Event: 20.256 GC heap after
Heap after GC invocations=7 (full 1):
 PSYoungGen      total 76288K, used 9320K [0x00000000d5580000, 0x00000000daa80000, 0x0000000100000000)
  eden space 65536K, 0% used [0x00000000d5580000,0x00000000d5580000,0x00000000d9580000)
  from space 10752K, 86% used [0x00000000da000000,0x00000000da91a1d8,0x00000000daa80000)
  to   space 10752K, 0% used [0x00000000d9580000,0x00000000d9580000,0x00000000da000000)
 ParOldGen       total 78848K, used 7113K [0x0000000080000000, 0x0000000084d00000, 0x00000000d5580000)
  object space 78848K, 9% used [0x0000000080000000,0x00000000806f27e0,0x0000000084d00000)
 Metaspace       used 32785K, capacity 33872K, committed 34048K, reserved 1079296K
  class space    used 4478K, capacity 4754K, committed 4864K, reserved 1048576K
}
Event: 20.453 GC heap before
{Heap before GC invocations=8 (full 1):
 PSYoungGen      total 76288K, used 37738K [0x00000000d5580000, 0x00000000daa80000, 0x0000000100000000)
  eden space 65536K, 43% used [0x00000000d5580000,0x00000000d7140840,0x00000000d9580000)
  from space 10752K, 86% used [0x00000000da000000,0x00000000da91a1d8,0x00000000daa80000)
  to   space 10752K, 0% used [0x00000000d9580000,0x00000000d9580000,0x00000000da000000)
 ParOldGen       total 78848K, used 7113K [0x0000000080000000, 0x0000000084d00000, 0x00000000d5580000)
  object space 78848K, 9% used [0x0000000080000000,0x00000000806f27e0,0x0000000084d00000)
 Metaspace       used 34208K, capacity 35392K, committed 35416K, reserved 1079296K
  class space    used 4706K, capacity 4973K, committed 4992K, reserved 1048576K
Event: 20.459 GC heap after
Heap after GC invocations=8 (full 1):
 PSYoungGen      total 76288K, used 8072K [0x00000000d5580000, 0x00000000daa80000, 0x0000000100000000)
  eden space 65536K, 0% used [0x00000000d5580000,0x00000000d5580000,0x00000000d9580000)
  from space 10752K, 75% used [0x00000000d9580000,0x00000000d9d62358,0x00000000da000000)
  to   space 10752K, 0% used [0x00000000da000000,0x00000000da000000,0x00000000daa80000)
 ParOldGen       total 78848K, used 7121K [0x0000000080000000, 0x0000000084d00000, 0x00000000d5580000)
  object space 78848K, 9% used [0x0000000080000000,0x00000000806f47e0,0x0000000084d00000)
 Metaspace       used 34208K, capacity 35392K, committed 35416K, reserved 1079296K
  class space    used 4706K, capacity 4973K, committed 4992K, reserved 1048576K
}
Event: 20.459 GC heap before
{Heap before GC invocations=9 (full 2):
 PSYoungGen      total 76288K, used 8072K [0x00000000d5580000, 0x00000000daa80000, 0x0000000100000000)
  eden space 65536K, 0% used [0x00000000d5580000,0x00000000d5580000,0x00000000d9580000)
  from space 10752K, 75% used [0x00000000d9580000,0x00000000d9d62358,0x00000000da000000)
  to   space 10752K, 0% used [0x00000000da000000,0x00000000da000000,0x00000000daa80000)
 ParOldGen       total 78848K, used 7121K [0x0000000080000000, 0x0000000084d00000, 0x00000000d5580000)
  object space 78848K, 9% used [0x0000000080000000,0x00000000806f47e0,0x0000000084d00000)
 Metaspace       used 34208K, capacity 35392K, committed 35416K, reserved 1079296K
  class space    used 4706K, capacity 4973K, committed 4992K, reserved 1048576K
Event: 20.501 GC heap after
Heap after GC invocations=9 (full 2):
 PSYoungGen      total 76288K, used 0K [0x00000000d5580000, 0x00000000daa80000, 0x0000000100000000)
  eden space 65536K, 0% used [0x00000000d5580000,0x00000000d5580000,0x00000000d9580000)
  from space 10752K, 0% used [0x00000000d9580000,0x00000000d9580000,0x00000000da000000)
  to   space 10752K, 0% used [0x00000000da000000,0x00000000da000000,0x00000000daa80000)
 ParOldGen       total 78848K, used 14430K [0x0000000080000000, 0x0000000084d00000, 0x00000000d5580000)
  object space 78848K, 18% used [0x0000000080000000,0x0000000080e178a0,0x0000000084d00000)
 Metaspace       used 34208K, capacity 35392K, committed 35416K, reserved 1079296K
  class space    used 4706K, capacity 4973K, committed 4992K, reserved 1048576K
}
Event: 26.876 GC heap before
{Heap before GC invocations=10 (full 2):
 PSYoungGen      total 76288K, used 65536K [0x00000000d5580000, 0x00000000daa80000, 0x0000000100000000)
  eden space 65536K, 100% used [0x00000000d5580000,0x00000000d9580000,0x00000000d9580000)
  from space 10752K, 0% used [0x00000000d9580000,0x00000000d9580000,0x00000000da000000)
  to   space 10752K, 0% used [0x00000000da000000,0x00000000da000000,0x00000000daa80000)
 ParOldGen       total 78848K, used 14430K [0x0000000080000000, 0x0000000084d00000, 0x00000000d5580000)
  object space 78848K, 18% used [0x0000000080000000,0x0000000080e178a0,0x0000000084d00000)
 Metaspace       used 36327K, capacity 37928K, committed 38104K, reserved 1081344K
  class space    used 4994K, capacity 5313K, committed 5376K, reserved 1048576K
Event: 26.880 GC heap after
Heap after GC invocations=10 (full 2):
 PSYoungGen      total 75264K, used 5234K [0x00000000d5580000, 0x00000000dd280000, 0x0000000100000000)
  eden space 64512K, 0% used [0x00000000d5580000,0x00000000d5580000,0x00000000d9480000)
  from space 10752K, 48% used [0x00000000da000000,0x00000000da51c800,0x00000000daa80000)
  to   space 11776K, 0% used [0x00000000d9480000,0x00000000d9480000,0x00000000da000000)
 ParOldGen       total 78848K, used 14438K [0x0000000080000000, 0x0000000084d00000, 0x00000000d5580000)
  object space 78848K, 18% used [0x0000000080000000,0x0000000080e198a0,0x0000000084d00000)
 Metaspace       used 36327K, capacity 37928K, committed 38104K, reserved 1081344K
  class space    used 4994K, capacity 5313K, committed 5376K, reserved 1048576K
}

Deoptimization events (10 events):
Event: 28.483 Thread 0x000000001c486000 Uncommon trap: reason=unstable_if action=reinterpret pc=0x00000000030a80d0 method=java.util.regex.Pattern.has(I)Z @ 6
Event: 28.484 Thread 0x000000001c486000 Uncommon trap: reason=bimorphic action=maybe_recompile pc=0x0000000003623e88 method=java.util.AbstractCollection.addAll(Ljava/util/Collection;)Z @ 29
Event: 28.643 Thread 0x000000001c486000 Uncommon trap: reason=predicate action=maybe_recompile pc=0x000000000328fea0 method=com.google.common.base.CharMatcher.indexIn(Ljava/lang/CharSequence;I)I @ 22
Event: 28.652 Thread 0x000000001c486000 Uncommon trap: reason=bimorphic action=maybe_recompile pc=0x0000000003317b50 method=java.lang.ClassLoader.getPackage(Ljava/lang/String;)Ljava/lang/Package; @ 47
Event: 28.652 Thread 0x000000001c486000 Uncommon trap: reason=bimorphic action=maybe_recompile pc=0x0000000003317b50 method=java.lang.ClassLoader.getPackage(Ljava/lang/String;)Ljava/lang/Package; @ 47
Event: 28.652 Thread 0x000000001c486000 Uncommon trap: reason=bimorphic action=maybe_recompile pc=0x0000000003317b50 method=java.lang.ClassLoader.getPackage(Ljava/lang/String;)Ljava/lang/Package; @ 47
Event: 28.652 Thread 0x000000001c486000 Uncommon trap: reason=bimorphic action=maybe_recompile pc=0x0000000003317b50 method=java.lang.ClassLoader.getPackage(Ljava/lang/String;)Ljava/lang/Package; @ 47
Event: 28.786 Thread 0x000000001c486000 Uncommon trap: reason=unstable_if action=reinterpret pc=0x00000000034b7bf4 method=java.io.BufferedInputStream.read([BII)I @ 56
Event: 28.838 Thread 0x000000001c486000 Uncommon trap: reason=bimorphic action=maybe_recompile pc=0x0000000003623e88 method=java.util.AbstractCollection.addAll(Ljava/util/Collection;)Z @ 29
Event: 28.844 Thread 0x000000001c486000 Uncommon trap: reason=bimorphic action=maybe_recompile pc=0x0000000003623e88 method=java.util.AbstractCollection.addAll(Ljava/util/Collection;)Z @ 29

Classes redefined (0 events):
No events

Internal exceptions (10 events):
Event: 28.486 Thread 0x000000001c5d3800 Exception <a 'java/lang/NoSuchMethodError': <clinit>> (0x00000000d66fa760) thrown at [C:\src\AOSP-openjdk-git\hotspot\src\share\vm\prims\jni.cpp, line 1615]
Event: 28.488 Thread 0x000000001c5d3800 Exception <a 'java/lang/NoSuchMethodError': <clinit>> (0x00000000d67049f8) thrown at [C:\src\AOSP-openjdk-git\hotspot\src\share\vm\prims\jni.cpp, line 1615]
Event: 28.488 Thread 0x000000001c5d3800 Exception <a 'java/lang/NoSuchMethodError': <clinit>> (0x00000000d670fa88) thrown at [C:\src\AOSP-openjdk-git\hotspot\src\share\vm\prims\jni.cpp, line 1615]
Event: 28.490 Thread 0x000000001c5d3800 Exception <a 'java/lang/NoSuchMethodError': <clinit>> (0x00000000d6722e70) thrown at [C:\src\AOSP-openjdk-git\hotspot\src\share\vm\prims\jni.cpp, line 1615]
Event: 28.636 Thread 0x000000001c486000 Exception <a 'java/lang/ClassNotFoundException': build_b3g8hupjpc2zq8sfkt326zilrBeanInfo> (0x00000000d66ca4e0) thrown at [C:\src\AOSP-openjdk-git\hotspot\src\share\vm\classfile\systemDictionary.cpp, line 210]
Event: 28.636 Thread 0x000000001c486000 Exception <a 'java/lang/ClassNotFoundException': build_b3g8hupjpc2zq8sfkt326zilrCustomizer> (0x00000000d66d6120) thrown at [C:\src\AOSP-openjdk-git\hotspot\src\share\vm\classfile\systemDictionary.cpp, line 210]
Event: 28.641 Thread 0x000000001c486000 Exception <a 'java/lang/ClassNotFoundException': org/gradle/plugin/use/internal/PluginRequestCollector$PluginDependenciesSpecImplBeanInfo> (0x00000000d67d0968) thrown at [C:\src\AOSP-openjdk-git\hotspot\src\share\vm\classfile\systemDictionary.cpp, line 21
Event: 28.642 Thread 0x000000001c486000 Exception <a 'java/lang/ClassNotFoundException': org/gradle/plugin/use/internal/PluginRequestCollector$PluginDependenciesSpecImplCustomizer> (0x00000000d68108a8) thrown at [C:\src\AOSP-openjdk-git\hotspot\src\share\vm\classfile\systemDictionary.cpp, line 
Event: 28.668 Thread 0x000000001c486000 Exception <a 'java/lang/ClassNotFoundException': org/gradle/api/internal/plugins/DefaultObjectConfigurationActionBeanInfo> (0x00000000d6adfd90) thrown at [C:\src\AOSP-openjdk-git\hotspot\src\share\vm\classfile\systemDictionary.cpp, line 210]
Event: 28.668 Thread 0x000000001c486000 Exception <a 'java/lang/ClassNotFoundException': org/gradle/api/internal/plugins/DefaultObjectConfigurationActionCustomizer> (0x00000000d6b24178) thrown at [C:\src\AOSP-openjdk-git\hotspot\src\share\vm\classfile\systemDictionary.cpp, line 210]

Events (10 events):
Event: 28.982 loading class org/gradle/api/internal/provider/sources/SystemPropertyValueSource
Event: 28.982 loading class org/gradle/api/internal/provider/sources/SystemPropertyValueSource done
Event: 28.982 loading class org/gradle/api/internal/provider/sources/AbstractPropertyValueSource
Event: 28.982 loading class org/gradle/api/internal/provider/sources/AbstractPropertyValueSource done
Event: 28.982 loading class org/gradle/api/provider/Provider
Event: 28.982 loading class org/gradle/api/provider/Provider done
Event: 28.982 loading class org/gradle/api/provider/Provider
Event: 28.982 loading class org/gradle/api/provider/Provider done
Event: 28.982 loading class org/gradle/api/internal/provider/sources/AbstractPropertyValueSource$Parameters
Event: 28.982 loading class org/gradle/api/internal/provider/sources/AbstractPropertyValueSource$Parameters done


Dynamic libraries:
0x00007ff7f4120000 - 0x00007ff7f4151000 	D:\MieiDati\SDK\Android Studio\jre\bin\java.exe
0x00007ffd0dd50000 - 0x00007ffd0df46000 	C:\WINDOWS\SYSTEM32\ntdll.dll
0x00007ffd0c520000 - 0x00007ffd0c5dd000 	C:\WINDOWS\System32\KERNEL32.DLL
0x00007ffd0b9d0000 - 0x00007ffd0bc99000 	C:\WINDOWS\System32\KERNELBASE.dll
0x00007ffd0c450000 - 0x00007ffd0c4fc000 	C:\WINDOWS\System32\ADVAPI32.dll
0x00007ffd0d8e0000 - 0x00007ffd0d97e000 	C:\WINDOWS\System32\msvcrt.dll
0x00007ffd0c5f0000 - 0x00007ffd0c68c000 	C:\WINDOWS\System32\sechost.dll
0x00007ffd0d750000 - 0x00007ffd0d87b000 	C:\WINDOWS\System32\RPCRT4.dll
0x00007ffd0cfa0000 - 0x00007ffd0d140000 	C:\WINDOWS\System32\USER32.dll
0x00007ffd0bd00000 - 0x00007ffd0bd22000 	C:\WINDOWS\System32\win32u.dll
0x00007ffd0da50000 - 0x00007ffd0da7a000 	C:\WINDOWS\System32\GDI32.dll
0x00007ffd0b810000 - 0x00007ffd0b919000 	C:\WINDOWS\System32\gdi32full.dll
0x00007ffd0b610000 - 0x00007ffd0b6ad000 	C:\WINDOWS\System32\msvcp_win.dll
0x00007ffd0b510000 - 0x00007ffd0b610000 	C:\WINDOWS\System32\ucrtbase.dll
0x00007ffcfc2f0000 - 0x00007ffcfc58b000 	C:\WINDOWS\WinSxS\amd64_microsoft.windows.common-controls_6595b64144ccf1df_6.0.19041.488_none_ca04af081b815d21\COMCTL32.dll
0x00007ffd0c7c0000 - 0x00007ffd0c7f0000 	C:\WINDOWS\System32\IMM32.DLL
0x000000005e740000 - 0x000000005e812000 	D:\MieiDati\SDK\Android Studio\jre\jre\bin\msvcr100.dll
0x000000005f170000 - 0x000000005f9bb000 	D:\MieiDati\SDK\Android Studio\jre\jre\bin\server\jvm.dll
0x00007ffd0c5e0000 - 0x00007ffd0c5e8000 	C:\WINDOWS\System32\PSAPI.DLL
0x00007ffd00e20000 - 0x00007ffd00e47000 	C:\WINDOWS\SYSTEM32\WINMM.dll
0x00007ffd05000000 - 0x00007ffd0500a000 	C:\WINDOWS\SYSTEM32\VERSION.dll
0x00007ffcff3e0000 - 0x00007ffcff3e9000 	C:\WINDOWS\SYSTEM32\WSOCK32.dll
0x00007ffd0c740000 - 0x00007ffd0c7ab000 	C:\WINDOWS\System32\WS2_32.dll
0x00007ffd088b0000 - 0x00007ffd088bf000 	D:\MieiDati\SDK\Android Studio\jre\jre\bin\verify.dll
0x00007ffd01090000 - 0x00007ffd010b9000 	D:\MieiDati\SDK\Android Studio\jre\jre\bin\java.dll
0x00007ffcfa6d0000 - 0x00007ffcfa6e6000 	D:\MieiDati\SDK\Android Studio\jre\jre\bin\zip.dll
0x00007ffd0c7f0000 - 0x00007ffd0cf32000 	C:\WINDOWS\System32\SHELL32.dll
0x00007ffd09470000 - 0x00007ffd09c05000 	C:\WINDOWS\SYSTEM32\windows.storage.dll
0x00007ffd0d2d0000 - 0x00007ffd0d626000 	C:\WINDOWS\System32\combase.dll
0x00007ffd0aed0000 - 0x00007ffd0aefc000 	C:\WINDOWS\SYSTEM32\Wldp.dll
0x00007ffd0dc30000 - 0x00007ffd0dcde000 	C:\WINDOWS\System32\SHCORE.dll
0x00007ffd0cf40000 - 0x00007ffd0cf95000 	C:\WINDOWS\System32\shlwapi.dll
0x00007ffd0b390000 - 0x00007ffd0b3b6000 	C:\WINDOWS\SYSTEM32\profapi.dll
0x00007ffceafb0000 - 0x00007ffceafca000 	D:\MieiDati\SDK\Android Studio\jre\jre\bin\net.dll
0x00007ffd0ac00000 - 0x00007ffd0ac6a000 	C:\WINDOWS\system32\mswsock.dll
0x00007ffce9d00000 - 0x00007ffce9d13000 	D:\MieiDati\SDK\Android Studio\jre\jre\bin\nio.dll
0x00007ffcd1610000 - 0x00007ffcd1637000 	C:\Users\gargi\.gradle\native\f6784746aeab05261644944871eae4fe03e0ef1612fff0a4a95f87b438bc6780\windows-amd64\native-platform.dll
0x00007ffd06ea0000 - 0x00007ffd06ead000 	D:\MieiDati\SDK\Android Studio\jre\jre\bin\management.dll
0x00007ffd0ade0000 - 0x00007ffd0adf8000 	C:\WINDOWS\SYSTEM32\CRYPTSP.dll
0x00007ffd0a4d0000 - 0x00007ffd0a504000 	C:\WINDOWS\system32\rsaenh.dll
0x00007ffd0b920000 - 0x00007ffd0b947000 	C:\WINDOWS\System32\bcrypt.dll
0x00007ffd0b350000 - 0x00007ffd0b37e000 	C:\WINDOWS\SYSTEM32\USERENV.dll
0x00007ffd0b950000 - 0x00007ffd0b9d0000 	C:\WINDOWS\System32\bcryptprimitives.dll
0x00007ffd0add0000 - 0x00007ffd0addc000 	C:\WINDOWS\SYSTEM32\CRYPTBASE.dll
0x00007ffd0a8b0000 - 0x00007ffd0a8eb000 	C:\WINDOWS\SYSTEM32\IPHLPAPI.DLL
0x00007ffd0bd80000 - 0x00007ffd0bd88000 	C:\WINDOWS\System32\NSI.dll
0x00007ffd04260000 - 0x00007ffd04277000 	C:\WINDOWS\SYSTEM32\dhcpcsvc6.DLL
0x00007ffd04ea0000 - 0x00007ffd04ebd000 	C:\WINDOWS\SYSTEM32\dhcpcsvc.DLL
0x00007ffd0a910000 - 0x00007ffd0a9db000 	C:\WINDOWS\SYSTEM32\DNSAPI.dll
0x00007ffd05010000 - 0x00007ffd0501b000 	C:\WINDOWS\SYSTEM32\WINNSI.DLL

VM Arguments:
jvm_args: -Xmx2048m -Dfile.encoding=UTF-8 -Duser.country=IT -Duser.language=it -Duser.variant 
java_command: org.gradle.launcher.daemon.bootstrap.GradleDaemon 6.5
java_class_path (initial): C:\Users\gargi\.gradle\wrapper\dists\gradle-6.5-bin\6nifqtx7604sqp1q6g8wikw7p\gradle-6.5\lib\gradle-launcher-6.5.jar
Launcher Type: SUN_STANDARD

Environment Variables:
JAVA_HOME=C:\Program Files\AdoptOpenJDK\jdk-11.0.7.10-hotspot\
USERNAME=Main
OS=Windows_NT
PROCESSOR_IDENTIFIER=Intel64 Family 6 Model 158 Stepping 9, GenuineIntel



---------------  S Y S T E M  ---------------

OS: Windows 10.0 , 64 bit Build 19041 (10.0.19041.662)

CPU:total 8 (initial active 8) (4 cores per cpu, 2 threads per core) family 6 model 158 stepping 9, cmov, cx8, fxsr, mmx, sse, sse2, sse3, ssse3, sse4.1, sse4.2, popcnt, avx, avx2, aes, clmul, erms, 3dnowpref, lzcnt, ht, tsc, tscinvbit, bmi1, bmi2, adx

Memory: 4k page, physical 16649380k(3653060k free), swap 41240084k(5344k free)

vm_info: OpenJDK 64-Bit Server VM (25.242-b01) for windows-amd64 JRE (1.8.0_242-release-1644-b01), built by "builder" with MS VC++ 10.0 (VS2010)

time: Tue Dec 15 19:30:24 2020
timezone: ora solare Europa occidentale
elapsed time: 29 seconds (0d 0h 0m 29s)

